<?xml version="1.0" encoding="UTF-8"?>
<testsuite xmlns:xsi="http://www.w3.org/2001/XMLSchema-instance" xsi:noNamespaceSchemaLocation="https://maven.apache.org/surefire/maven-surefire-plugin/xsd/surefire-test-report.xsd" name="GQTest" time="0.005" tests="39" errors="0" skipped="0" failures="0">
  <properties>
[...]
</properties>
  <testcase name="searchForCodeTest1" classname="GQTest" time="0"/>
  <testcase name="searchForCodeTest2" classname="GQTest" time="0"/>
  <testcase name="searchForCodeTest3" classname="GQTest" time="0"/>
  <testcase name="replaceAtCodeTest1" classname="GQTest" time="0"/>
  <testcase name="replaceAtCodeTest2" classname="GQTest" time="0"/>
  <testcase name="replaceAtCodeTest3" classname="GQTest" time="0"/>
  <testcase name="QueueCodeConstructorTestFloat" classname="GQTest" time="0"/>
  <testcase name="queueCodeConstructorTestLong" classname="GQTest" time="0"/>
  <testcase name="addCodeTest1" classname="GQTest" time="0"/>
  <testcase name="addCodeTest2" classname="GQTest" time="0"/>
  <testcase name="addCodeTest3" classname="GQTest" time="0"/>
  <testcase name="deleteTest1" classname="GQTest" time="0"/>
  <testcase name="deleteTest2" classname="GQTest" time="0"/>
  <testcase name="deleteTest3" classname="GQTest" time="0"/>
  <testcase name="deleteTest4" classname="GQTest" time="0"/>
  <testcase name="deleteTest5" classname="GQTest" time="0"/>
  <testcase name="queueConstructorTestLong" classname="GQTest" time="0"/>
  <testcase name="ReverseGLLIteratorTest1" classname="GQTest" time="0"/>
  <testcase name="ReverseGLLIteratorTest2" classname="GQTest" time="0"/>
  <testcase name="ReverseGLLIteratorTest3" classname="GQTest" time="0"/>
  <testcase name="ReverseGLLIteratorTest4" classname="GQTest" time="0"/>
  <testcase name="printTest1" classname="GQTest" time="0.001"/>
  <testcase name="printTest2" classname="GQTest" time="0"/>
  <testcase name="queueConstructorTestString" classname="GQTest" time="0"/>
  <testcase name="queueConstructorTestInteger" classname="GQTest" time="0"/>
  <testcase name="dequeueTest" classname="GQTest" time="0"/>
  <testcase name="addNoCodeTest1" classname="GQTest" time="0"/>
  <testcase name="addNoCodeTest2" classname="GQTest" time="0"/>
  <testcase name="addNoCodeTest3" classname="GQTest" time="0"/>
  <testcase name="addNoCodeTest4" classname="GQTest" time="0.001"/>
  <testcase name="dumpListTest" classname="GQTest" time="0"/>
  <testcase name="GLLIteratorTest1" classname="GQTest" time="0"/>
  <testcase name="GLLIteratorTest2" classname="GQTest" time="0"/>
  <testcase name="GLLIteratorTest3" classname="GQTest" time="0.001"/>
  <testcase name="GLLIteratorTest4" classname="GQTest" time="0"/>
  <testcase name="enqueueTest" classname="GQTest" time="0"/>
  <testcase name="QueueCodeConstructorTestString" classname="GQTest" time="0"/>
  <testcase name="queueCodeConstructorTestInteger" classname="GQTest" time="0"/>
  <testcase name="queueConstructorTestFloat" classname="GQTest" time="0"/>
</testsuite>